<?xml version="1.0" encoding="UTF-8"?>
<!-- Generated by org.testng.reporters.JUnitXMLReporter -->
<testsuite ignored="0" hostname="ojas-dl647" failures="1" tests="1" name="DeBugPage" time="4.74" errors="0" timestamp="2024-04-26T16:18:09 IST">
  <testcase classname="com.QA.DataDrivenScripts.DeBugDDTScipts" name="verifyCreateIdentityMappingsDDTScript" time="1.027">
    <failure type="java.lang.NullPointerException" message="Cannot invoke &amp;quot;org.apache.poi.ss.usermodel.Cell.getStringCellValue()&amp;quot; because the return value of &amp;quot;org.apache.poi.ss.usermodel.Row.getCell(int)&amp;quot; is null">
      <![CDATA[java.lang.NullPointerException: Cannot invoke "org.apache.poi.ss.usermodel.Cell.getStringCellValue()" because the return value of "org.apache.poi.ss.usermodel.Row.getCell(int)" is null
at com.QA.DataDrivenScripts.DeBugDDTScipts.verifyCreateIdentityMappingsDDTScript(DeBugDDTScipts.java:31)
at java.base/java.util.ArrayList.forEach(ArrayList.java:1511)
... Removed 27 stack frames]]>
    </failure>
  </testcase> <!-- verifyCreateIdentityMappingsDDTScript -->
</testsuite> <!-- DeBugPage -->
