<?xml version="1.0" encoding="UTF-8"?>
<testng-results ignored="0" total="1" passed="1" failed="0" skipped="0">
  <reporter-output>
  </reporter-output>
  <suite started-at="2024-04-18T17:30:08 IST" name="Suite" finished-at="2024-04-18T17:30:19 IST" duration-ms="10967">
    <groups>
    </groups>
    <test started-at="2024-04-18T17:30:08 IST" name="Test" finished-at="2024-04-18T17:30:19 IST" duration-ms="10967">
      <class name="com.QA.Application.TestScripts.LoginScript">
        <test-method is-config="true" signature="generateReports()[pri:0, instance:com.QA.Application.TestScripts.LoginScript@3faf2e7d]" started-at="2024-04-18T17:30:08 IST" name="generateReports" finished-at="2024-04-18T17:30:08 IST" duration-ms="80" status="PASS">
          <reporter-output>
          </reporter-output>
        </test-method> <!-- generateReports -->
        <test-method is-config="true" signature="setUp()[pri:0, instance:com.QA.Application.TestScripts.LoginScript@3faf2e7d]" started-at="2024-04-18T17:30:08 IST" name="setUp" finished-at="2024-04-18T17:30:10 IST" duration-ms="1786" status="PASS">
          <reporter-output>
          </reporter-output>
        </test-method> <!-- setUp -->
        <test-method signature="tc01VerifyLogin()[pri:1, instance:com.QA.Application.TestScripts.LoginScript@3faf2e7d]" started-at="2024-04-18T17:30:10 IST" name="tc01VerifyLogin" description="Verify URL" finished-at="2024-04-18T17:30:19 IST" duration-ms="9155" status="PASS">
          <reporter-output>
          </reporter-output>
        </test-method> <!-- tc01VerifyLogin -->
        <test-method is-config="true" signature="closeReport()[pri:0, instance:com.QA.Application.TestScripts.LoginScript@3faf2e7d]" started-at="2024-04-18T17:30:19 IST" name="closeReport" finished-at="2024-04-18T17:30:20 IST" duration-ms="675" status="PASS">
          <reporter-output>
          </reporter-output>
        </test-method> <!-- closeReport -->
      </class> <!-- com.QA.Application.TestScripts.LoginScript -->
    </test> <!-- Test -->
  </suite> <!-- Suite -->
</testng-results>
