<?xml version="1.0" encoding="UTF-8"?>
<testng-results ignored="0" total="3" passed="1" failed="2" skipped="0">
  <reporter-output>
  </reporter-output>
  <suite started-at="2024-04-29T16:28:13 IST" name="DeBugPage" finished-at="2024-04-29T16:29:21 IST" duration-ms="68082">
    <groups>
    </groups>
    <test started-at="2024-04-29T16:28:13 IST" name="DeBugPage" finished-at="2024-04-29T16:29:21 IST" duration-ms="68082">
      <class name="com.QA.DataDrivenScripts.TaskActionScript">
        <test-method is-config="true" signature="setUp()[pri:0, instance:com.QA.DataDrivenScripts.TaskActionScript@560cbf1a]" started-at="2024-04-29T16:28:38 IST" name="setUp" finished-at="2024-04-29T16:28:41 IST" duration-ms="2921" status="PASS">
          <reporter-output>
          </reporter-output>
        </test-method> <!-- setUp -->
        <test-method signature="verifyUserPerformTaskActions()[pri:7, instance:com.QA.DataDrivenScripts.TaskActionScript@560cbf1a]" started-at="2024-04-29T16:28:41 IST" name="verifyUserPerformTaskActions" finished-at="2024-04-29T16:28:56 IST" duration-ms="14926" status="FAIL">
          <exception class="java.lang.NullPointerException">
            <message>
              <![CDATA[Cannot invoke "org.apache.poi.ss.usermodel.Row.getCell(int)" because "row" is null]]>
            </message>
            <full-stacktrace>
              <![CDATA[java.lang.NullPointerException: Cannot invoke "org.apache.poi.ss.usermodel.Row.getCell(int)" because "row" is null
at com.QA.DataDrivenScripts.TaskActionScript.verifyUserPerformTaskActions(TaskActionScript.java:33)
at java.base/jdk.internal.reflect.NativeMethodAccessorImpl.invoke0(Native Method)
at java.base/jdk.internal.reflect.NativeMethodAccessorImpl.invoke(NativeMethodAccessorImpl.java:77)
at java.base/jdk.internal.reflect.DelegatingMethodAccessorImpl.invoke(DelegatingMethodAccessorImpl.java:43)
at java.base/java.lang.reflect.Method.invoke(Method.java:568)
at org.testng.internal.invokers.MethodInvocationHelper.invokeMethod(MethodInvocationHelper.java:141)
at org.testng.internal.invokers.TestInvoker.invokeMethod(TestInvoker.java:686)
at org.testng.internal.invokers.TestInvoker.invokeTestMethod(TestInvoker.java:230)
at org.testng.internal.invokers.MethodRunner.runInSequence(MethodRunner.java:63)
at org.testng.internal.invokers.TestInvoker$MethodInvocationAgent.invoke(TestInvoker.java:992)
at org.testng.internal.invokers.TestInvoker.invokeTestMethods(TestInvoker.java:203)
at org.testng.internal.invokers.TestMethodWorker.invokeTestMethods(TestMethodWorker.java:154)
at org.testng.internal.invokers.TestMethodWorker.run(TestMethodWorker.java:134)
at java.base/java.util.ArrayList.forEach(ArrayList.java:1511)
at org.testng.TestRunner.privateRun(TestRunner.java:739)
at org.testng.TestRunner.run(TestRunner.java:614)
at org.testng.SuiteRunner.runTest(SuiteRunner.java:421)
at org.testng.SuiteRunner.runSequentially(SuiteRunner.java:413)
at org.testng.SuiteRunner.privateRun(SuiteRunner.java:373)
at org.testng.SuiteRunner.run(SuiteRunner.java:312)
at org.testng.SuiteRunnerWorker.runSuite(SuiteRunnerWorker.java:52)
at org.testng.SuiteRunnerWorker.run(SuiteRunnerWorker.java:95)
at org.testng.TestNG.runSuitesSequentially(TestNG.java:1274)
at org.testng.TestNG.runSuitesLocally(TestNG.java:1208)
at org.testng.TestNG.runSuites(TestNG.java:1112)
at org.testng.TestNG.run(TestNG.java:1079)
at org.testng.remote.AbstractRemoteTestNG.run(AbstractRemoteTestNG.java:115)
at org.testng.remote.RemoteTestNG.initAndRun(RemoteTestNG.java:293)
at org.testng.remote.RemoteTestNG.main(RemoteTestNG.java:91)
]]>
            </full-stacktrace>
          </exception> <!-- java.lang.NullPointerException -->
          <reporter-output>
          </reporter-output>
        </test-method> <!-- verifyUserPerformTaskActions -->
        <test-method is-config="true" signature="tearDown()[pri:0, instance:com.QA.DataDrivenScripts.TaskActionScript@560cbf1a]" started-at="2024-04-29T16:28:56 IST" name="tearDown" finished-at="2024-04-29T16:28:56 IST" duration-ms="301" status="PASS">
          <reporter-output>
          </reporter-output>
        </test-method> <!-- tearDown -->
      </class> <!-- com.QA.DataDrivenScripts.TaskActionScript -->
      <class name="com.QA.DataDrivenScripts.DeBugDDTScipts">
        <test-method is-config="true" signature="generateReports()[pri:0, instance:com.QA.DataDrivenScripts.DeBugDDTScipts@3ec11999]" started-at="2024-04-29T16:28:13 IST" name="generateReports" finished-at="2024-04-29T16:28:13 IST" duration-ms="77" status="PASS">
          <reporter-output>
          </reporter-output>
        </test-method> <!-- generateReports -->
        <test-method is-config="true" signature="setUp()[pri:0, instance:com.QA.DataDrivenScripts.DeBugDDTScipts@3ec11999]" started-at="2024-04-29T16:28:13 IST" name="setUp" finished-at="2024-04-29T16:28:17 IST" duration-ms="3323" status="PASS">
          <reporter-output>
          </reporter-output>
        </test-method> <!-- setUp -->
        <test-method signature="verifyDebuActionDDTScript()[pri:8, instance:com.QA.DataDrivenScripts.DeBugDDTScipts@3ec11999]" started-at="2024-04-29T16:28:17 IST" name="verifyDebuActionDDTScript" finished-at="2024-04-29T16:28:38 IST" duration-ms="21250" status="FAIL">
          <exception class="java.lang.NullPointerException">
            <message>
              <![CDATA[Cannot invoke "org.apache.poi.ss.usermodel.Row.getCell(int)" because "row" is null]]>
            </message>
            <full-stacktrace>
              <![CDATA[java.lang.NullPointerException: Cannot invoke "org.apache.poi.ss.usermodel.Row.getCell(int)" because "row" is null
at com.QA.DataDrivenScripts.DeBugDDTScipts.verifyDebuActionDDTScript(DeBugDDTScipts.java:29)
at java.base/jdk.internal.reflect.NativeMethodAccessorImpl.invoke0(Native Method)
at java.base/jdk.internal.reflect.NativeMethodAccessorImpl.invoke(NativeMethodAccessorImpl.java:77)
at java.base/jdk.internal.reflect.DelegatingMethodAccessorImpl.invoke(DelegatingMethodAccessorImpl.java:43)
at java.base/java.lang.reflect.Method.invoke(Method.java:568)
at org.testng.internal.invokers.MethodInvocationHelper.invokeMethod(MethodInvocationHelper.java:141)
at org.testng.internal.invokers.TestInvoker.invokeMethod(TestInvoker.java:686)
at org.testng.internal.invokers.TestInvoker.invokeTestMethod(TestInvoker.java:230)
at org.testng.internal.invokers.MethodRunner.runInSequence(MethodRunner.java:63)
at org.testng.internal.invokers.TestInvoker$MethodInvocationAgent.invoke(TestInvoker.java:992)
at org.testng.internal.invokers.TestInvoker.invokeTestMethods(TestInvoker.java:203)
at org.testng.internal.invokers.TestMethodWorker.invokeTestMethods(TestMethodWorker.java:154)
at org.testng.internal.invokers.TestMethodWorker.run(TestMethodWorker.java:134)
at java.base/java.util.ArrayList.forEach(ArrayList.java:1511)
at org.testng.TestRunner.privateRun(TestRunner.java:739)
at org.testng.TestRunner.run(TestRunner.java:614)
at org.testng.SuiteRunner.runTest(SuiteRunner.java:421)
at org.testng.SuiteRunner.runSequentially(SuiteRunner.java:413)
at org.testng.SuiteRunner.privateRun(SuiteRunner.java:373)
at org.testng.SuiteRunner.run(SuiteRunner.java:312)
at org.testng.SuiteRunnerWorker.runSuite(SuiteRunnerWorker.java:52)
at org.testng.SuiteRunnerWorker.run(SuiteRunnerWorker.java:95)
at org.testng.TestNG.runSuitesSequentially(TestNG.java:1274)
at org.testng.TestNG.runSuitesLocally(TestNG.java:1208)
at org.testng.TestNG.runSuites(TestNG.java:1112)
at org.testng.TestNG.run(TestNG.java:1079)
at org.testng.remote.AbstractRemoteTestNG.run(AbstractRemoteTestNG.java:115)
at org.testng.remote.RemoteTestNG.initAndRun(RemoteTestNG.java:293)
at org.testng.remote.RemoteTestNG.main(RemoteTestNG.java:91)
]]>
            </full-stacktrace>
          </exception> <!-- java.lang.NullPointerException -->
          <reporter-output>
          </reporter-output>
        </test-method> <!-- verifyDebuActionDDTScript -->
        <test-method is-config="true" signature="tearDown()[pri:0, instance:com.QA.DataDrivenScripts.DeBugDDTScipts@3ec11999]" started-at="2024-04-29T16:28:38 IST" name="tearDown" finished-at="2024-04-29T16:28:38 IST" duration-ms="319" status="PASS">
          <reporter-output>
          </reporter-output>
        </test-method> <!-- tearDown -->
        <test-method is-config="true" signature="closeReport()[pri:0, instance:com.QA.DataDrivenScripts.DeBugDDTScipts@3ec11999]" started-at="2024-04-29T16:29:21 IST" name="closeReport" finished-at="2024-04-29T16:29:22 IST" duration-ms="826" status="PASS">
          <reporter-output>
          </reporter-output>
        </test-method> <!-- closeReport -->
      </class> <!-- com.QA.DataDrivenScripts.DeBugDDTScipts -->
      <class name="com.QA.DataDrivenScripts.DeleteAllIdentitesScript">
        <test-method is-config="true" signature="setUp()[pri:0, instance:com.QA.DataDrivenScripts.DeleteAllIdentitesScript@5fe8b721]" started-at="2024-04-29T16:28:56 IST" name="setUp" finished-at="2024-04-29T16:28:59 IST" duration-ms="2739" status="PASS">
          <reporter-output>
          </reporter-output>
        </test-method> <!-- setUp -->
        <test-method signature="UserDeleteAllIdentites()[pri:0, instance:com.QA.DataDrivenScripts.DeleteAllIdentitesScript@5fe8b721]" started-at="2024-04-29T16:28:59 IST" name="UserDeleteAllIdentites" finished-at="2024-04-29T16:29:21 IST" duration-ms="22012" status="PASS">
          <reporter-output>
          </reporter-output>
        </test-method> <!-- UserDeleteAllIdentites -->
        <test-method is-config="true" signature="tearDown()[pri:0, instance:com.QA.DataDrivenScripts.DeleteAllIdentitesScript@5fe8b721]" started-at="2024-04-29T16:29:21 IST" name="tearDown" finished-at="2024-04-29T16:29:21 IST" duration-ms="269" status="PASS">
          <reporter-output>
          </reporter-output>
        </test-method> <!-- tearDown -->
      </class> <!-- com.QA.DataDrivenScripts.DeleteAllIdentitesScript -->
    </test> <!-- DeBugPage -->
  </suite> <!-- DeBugPage -->
</testng-results>
