<?xml version="1.0" encoding="UTF-8"?>
<testng-results ignored="0" total="1" passed="1" failed="0" skipped="0">
  <reporter-output>
  </reporter-output>
  <suite started-at="2024-04-05T16:09:08 IST" name="Default suite" finished-at="2024-04-05T16:09:35 IST" duration-ms="27633">
    <groups>
    </groups>
    <test started-at="2024-04-05T16:09:08 IST" name="Default test" finished-at="2024-04-05T16:09:35 IST" duration-ms="27633">
      <class name="com.QA.Application.TestScripts.ApplicationOnBoardingScript">
        <test-method is-config="true" signature="generateReports()[pri:0, instance:com.QA.Application.TestScripts.ApplicationOnBoardingScript@78aea4b9]" started-at="2024-04-05T16:09:08 IST" name="generateReports" finished-at="2024-04-05T16:09:08 IST" duration-ms="84" status="PASS">
          <reporter-output>
          </reporter-output>
        </test-method> <!-- generateReports -->
        <test-method is-config="true" signature="setUp()[pri:0, instance:com.QA.Application.TestScripts.ApplicationOnBoardingScript@78aea4b9]" started-at="2024-04-05T16:09:08 IST" name="setUp" finished-at="2024-04-05T16:09:11 IST" duration-ms="3640" status="PASS">
          <reporter-output>
          </reporter-output>
        </test-method> <!-- setUp -->
        <test-method signature="tc02verifyApplicationOnBoarding()[pri:2, instance:com.QA.Application.TestScripts.ApplicationOnBoardingScript@78aea4b9]" started-at="2024-04-05T16:09:11 IST" name="tc02verifyApplicationOnBoarding" finished-at="2024-04-05T16:09:35 IST" duration-ms="23643" status="PASS">
          <reporter-output>
          </reporter-output>
        </test-method> <!-- tc02verifyApplicationOnBoarding -->
        <test-method is-config="true" signature="tearDown()[pri:0, instance:com.QA.Application.TestScripts.ApplicationOnBoardingScript@78aea4b9]" started-at="2024-04-05T16:09:35 IST" name="tearDown" finished-at="2024-04-05T16:09:35 IST" duration-ms="315" status="PASS">
          <reporter-output>
          </reporter-output>
        </test-method> <!-- tearDown -->
        <test-method is-config="true" signature="closeReport()[pri:0, instance:com.QA.Application.TestScripts.ApplicationOnBoardingScript@78aea4b9]" started-at="2024-04-05T16:09:35 IST" name="closeReport" finished-at="2024-04-05T16:09:36 IST" duration-ms="394" status="PASS">
          <reporter-output>
          </reporter-output>
        </test-method> <!-- closeReport -->
      </class> <!-- com.QA.Application.TestScripts.ApplicationOnBoardingScript -->
    </test> <!-- Default test -->
  </suite> <!-- Default suite -->
</testng-results>
