<?xml version="1.0" encoding="UTF-8"?>
<testng-results ignored="0" total="1" passed="1" failed="0" skipped="0">
  <reporter-output>
  </reporter-output>
  <suite started-at="2024-04-04T16:31:54 IST" name="Default suite" finished-at="2024-04-04T16:31:56 IST" duration-ms="2267">
    <groups>
    </groups>
    <test started-at="2024-04-04T16:31:54 IST" name="Default test" finished-at="2024-04-04T16:31:56 IST" duration-ms="2267">
      <class name="com.QA.Application.TestScripts.LoginScript">
        <test-method is-config="true" signature="setUp()[pri:0, instance:com.QA.Application.TestScripts.LoginScript@405325cf]" started-at="2024-04-04T16:31:52 IST" name="setUp" finished-at="2024-04-04T16:31:54 IST" duration-ms="1963" status="PASS">
          <reporter-output>
          </reporter-output>
        </test-method> <!-- setUp -->
        <test-method signature="tc01VerifyLogin()[pri:0, instance:com.QA.Application.TestScripts.LoginScript@405325cf]" started-at="2024-04-04T16:31:54 IST" name="tc01VerifyLogin" finished-at="2024-04-04T16:31:56 IST" duration-ms="2191" status="PASS">
          <reporter-output>
          </reporter-output>
        </test-method> <!-- tc01VerifyLogin -->
        <test-method is-config="true" signature="tearDown()[pri:0, instance:com.QA.Application.TestScripts.LoginScript@405325cf]" started-at="2024-04-04T16:31:56 IST" name="tearDown" finished-at="2024-04-04T16:31:56 IST" duration-ms="425" status="PASS">
          <reporter-output>
          </reporter-output>
        </test-method> <!-- tearDown -->
      </class> <!-- com.QA.Application.TestScripts.LoginScript -->
    </test> <!-- Default test -->
  </suite> <!-- Default suite -->
</testng-results>
