<?xml version="1.0" encoding="UTF-8"?>
<testng-results ignored="0" total="1" passed="1" failed="0" skipped="0">
  <reporter-output>
  </reporter-output>
  <suite started-at="2024-04-19T16:25:05 IST" name="Default suite" finished-at="2024-04-19T16:25:23 IST" duration-ms="18393">
    <groups>
    </groups>
    <test started-at="2024-04-19T16:25:05 IST" name="Default test" finished-at="2024-04-19T16:25:23 IST" duration-ms="18393">
      <class name="com.QA.DataDrivenScripts.ApplicationCorrelation">
        <test-method is-config="true" signature="generateReports()[pri:0, instance:com.QA.DataDrivenScripts.ApplicationCorrelation@305f031]" started-at="2024-04-19T16:25:05 IST" name="generateReports" finished-at="2024-04-19T16:25:05 IST" duration-ms="75" status="PASS">
          <reporter-output>
          </reporter-output>
        </test-method> <!-- generateReports -->
        <test-method is-config="true" signature="setUp()[pri:0, instance:com.QA.DataDrivenScripts.ApplicationCorrelation@305f031]" started-at="2024-04-19T16:25:05 IST" name="setUp" finished-at="2024-04-19T16:25:07 IST" duration-ms="1881" status="PASS">
          <reporter-output>
          </reporter-output>
        </test-method> <!-- setUp -->
        <test-method signature="testCorrelation()[pri:0, instance:com.QA.DataDrivenScripts.ApplicationCorrelation@305f031]" started-at="2024-04-19T16:25:07 IST" name="testCorrelation" finished-at="2024-04-19T16:25:23 IST" duration-ms="16490" status="PASS">
          <reporter-output>
          </reporter-output>
        </test-method> <!-- testCorrelation -->
        <test-method is-config="true" signature="closeReport()[pri:0, instance:com.QA.DataDrivenScripts.ApplicationCorrelation@305f031]" started-at="2024-04-19T16:25:23 IST" name="closeReport" finished-at="2024-04-19T16:25:24 IST" duration-ms="526" status="PASS">
          <reporter-output>
          </reporter-output>
        </test-method> <!-- closeReport -->
      </class> <!-- com.QA.DataDrivenScripts.ApplicationCorrelation -->
    </test> <!-- Default test -->
  </suite> <!-- Default suite -->
</testng-results>
