<?xml version="1.0" encoding="UTF-8"?>
<testng-results ignored="0" total="1" passed="1" failed="0" skipped="0">
  <reporter-output>
  </reporter-output>
  <suite started-at="2024-04-16T17:31:49 IST" name="Default suite" finished-at="2024-04-16T17:32:02 IST" duration-ms="13178">
    <groups>
    </groups>
    <test started-at="2024-04-16T17:31:49 IST" name="Default test" finished-at="2024-04-16T17:32:02 IST" duration-ms="13178">
      <class name="com.QA.Application.TestScripts.LoginScript">
        <test-method is-config="true" signature="generateReports()[pri:0, instance:com.QA.Application.TestScripts.LoginScript@6ffab045]" started-at="2024-04-16T17:31:49 IST" name="generateReports" finished-at="2024-04-16T17:31:49 IST" duration-ms="135" status="PASS">
          <reporter-output>
          </reporter-output>
        </test-method> <!-- generateReports -->
        <test-method is-config="true" signature="setUp()[pri:0, instance:com.QA.Application.TestScripts.LoginScript@6ffab045]" started-at="2024-04-16T17:31:49 IST" name="setUp" finished-at="2024-04-16T17:31:51 IST" duration-ms="2707" status="PASS">
          <reporter-output>
          </reporter-output>
        </test-method> <!-- setUp -->
        <test-method signature="tc01VerifyLogin()[pri:1, instance:com.QA.Application.TestScripts.LoginScript@6ffab045]" started-at="2024-04-16T17:31:51 IST" name="tc01VerifyLogin" description="Verify URL" finished-at="2024-04-16T17:32:02 IST" duration-ms="10073" status="PASS">
          <reporter-output>
          </reporter-output>
        </test-method> <!-- tc01VerifyLogin -->
        <test-method is-config="true" signature="tearDown()[pri:0, instance:com.QA.Application.TestScripts.LoginScript@6ffab045]" started-at="2024-04-16T17:32:02 IST" name="tearDown" finished-at="2024-04-16T17:32:02 IST" duration-ms="361" status="PASS">
          <reporter-output>
          </reporter-output>
        </test-method> <!-- tearDown -->
        <test-method is-config="true" signature="closeReport()[pri:0, instance:com.QA.Application.TestScripts.LoginScript@6ffab045]" started-at="2024-04-16T17:32:02 IST" name="closeReport" finished-at="2024-04-16T17:32:03 IST" duration-ms="697" status="PASS">
          <reporter-output>
          </reporter-output>
        </test-method> <!-- closeReport -->
      </class> <!-- com.QA.Application.TestScripts.LoginScript -->
    </test> <!-- Default test -->
  </suite> <!-- Default suite -->
</testng-results>
