<?xml version="1.0" encoding="UTF-8"?>
<testng-results ignored="0" total="1" passed="0" failed="1" skipped="0">
  <reporter-output>
  </reporter-output>
  <suite started-at="2024-04-17T10:42:16 IST" name="Default suite" finished-at="2024-04-17T10:42:18 IST" duration-ms="2040">
    <groups>
    </groups>
    <test started-at="2024-04-17T10:42:16 IST" name="Default test" finished-at="2024-04-17T10:42:18 IST" duration-ms="2040">
      <class name="com.QA.Application.TestScripts.DelimitedDataFromExcel">
        <test-method is-config="true" signature="generateReports()[pri:0, instance:com.QA.Application.TestScripts.DelimitedDataFromExcel@6e16b8b5]" started-at="2024-04-17T10:42:16 IST" name="generateReports" finished-at="2024-04-17T10:42:16 IST" duration-ms="75" status="PASS">
          <reporter-output>
          </reporter-output>
        </test-method> <!-- generateReports -->
        <test-method is-config="true" signature="setUp()[pri:0, instance:com.QA.Application.TestScripts.DelimitedDataFromExcel@6e16b8b5]" started-at="2024-04-17T10:42:16 IST" name="setUp" finished-at="2024-04-17T10:42:18 IST" duration-ms="1753" status="PASS">
          <reporter-output>
          </reporter-output>
        </test-method> <!-- setUp -->
        <test-method signature="readData()[pri:0, instance:com.QA.Application.TestScripts.DelimitedDataFromExcel@6e16b8b5]" started-at="2024-04-17T10:42:18 IST" name="readData" finished-at="2024-04-17T10:42:18 IST" duration-ms="75" status="FAIL">
          <exception class="java.lang.IncompatibleClassChangeError">
            <message>
              <![CDATA[Found interface org.apache.poi.util.POILogger, but class was expected]]>
            </message>
            <full-stacktrace>
              <![CDATA[java.lang.IncompatibleClassChangeError: Found interface org.apache.poi.util.POILogger, but class was expected
at org.apache.poi.openxml4j.opc.ZipPackage.buildPartName(ZipPackage.java:271)
at org.apache.poi.openxml4j.opc.ZipPackage.getPartsImpl(ZipPackage.java:210)
at org.apache.poi.openxml4j.opc.OPCPackage.getParts(OPCPackage.java:665)
at org.apache.poi.openxml4j.opc.OPCPackage.open(OPCPackage.java:274)
at org.apache.poi.util.PackageHelper.open(PackageHelper.java:39)
at org.apache.poi.xssf.usermodel.XSSFWorkbook.<init>(XSSFWorkbook.java:218)
at com.QA.Application.TestScripts.DelimitedDataFromExcel.readData(DelimitedDataFromExcel.java:22)
at java.base/jdk.internal.reflect.NativeMethodAccessorImpl.invoke0(Native Method)
at java.base/jdk.internal.reflect.NativeMethodAccessorImpl.invoke(NativeMethodAccessorImpl.java:77)
at java.base/jdk.internal.reflect.DelegatingMethodAccessorImpl.invoke(DelegatingMethodAccessorImpl.java:43)
at java.base/java.lang.reflect.Method.invoke(Method.java:568)
at org.testng.internal.MethodInvocationHelper.invokeMethod(MethodInvocationHelper.java:133)
at org.testng.internal.TestInvoker.invokeMethod(TestInvoker.java:598)
at org.testng.internal.TestInvoker.invokeTestMethod(TestInvoker.java:173)
at org.testng.internal.MethodRunner.runInSequence(MethodRunner.java:46)
at org.testng.internal.TestInvoker$MethodInvocationAgent.invoke(TestInvoker.java:824)
at org.testng.internal.TestInvoker.invokeTestMethods(TestInvoker.java:146)
at org.testng.internal.TestMethodWorker.invokeTestMethods(TestMethodWorker.java:146)
at org.testng.internal.TestMethodWorker.run(TestMethodWorker.java:128)
at java.base/java.util.ArrayList.forEach(ArrayList.java:1511)
at org.testng.TestRunner.privateRun(TestRunner.java:794)
at org.testng.TestRunner.run(TestRunner.java:596)
at org.testng.SuiteRunner.runTest(SuiteRunner.java:377)
at org.testng.SuiteRunner.runSequentially(SuiteRunner.java:371)
at org.testng.SuiteRunner.privateRun(SuiteRunner.java:332)
at org.testng.SuiteRunner.run(SuiteRunner.java:276)
at org.testng.SuiteRunnerWorker.runSuite(SuiteRunnerWorker.java:53)
at org.testng.SuiteRunnerWorker.run(SuiteRunnerWorker.java:96)
at org.testng.TestNG.runSuitesSequentially(TestNG.java:1212)
at org.testng.TestNG.runSuitesLocally(TestNG.java:1134)
at org.testng.TestNG.runSuites(TestNG.java:1063)
at org.testng.TestNG.run(TestNG.java:1031)
at org.testng.remote.AbstractRemoteTestNG.run(AbstractRemoteTestNG.java:115)
at org.testng.remote.RemoteTestNG.initAndRun(RemoteTestNG.java:251)
at org.testng.remote.RemoteTestNG.main(RemoteTestNG.java:77)
]]>
            </full-stacktrace>
          </exception> <!-- java.lang.IncompatibleClassChangeError -->
          <reporter-output>
          </reporter-output>
        </test-method> <!-- readData -->
        <test-method is-config="true" signature="tearDown()[pri:0, instance:com.QA.Application.TestScripts.DelimitedDataFromExcel@6e16b8b5]" started-at="2024-04-17T10:42:18 IST" name="tearDown" finished-at="2024-04-17T10:42:18 IST" duration-ms="183" status="PASS">
          <reporter-output>
          </reporter-output>
        </test-method> <!-- tearDown -->
        <test-method is-config="true" signature="closeReport()[pri:0, instance:com.QA.Application.TestScripts.DelimitedDataFromExcel@6e16b8b5]" started-at="2024-04-17T10:42:18 IST" name="closeReport" finished-at="2024-04-17T10:42:18 IST" duration-ms="193" status="PASS">
          <reporter-output>
          </reporter-output>
        </test-method> <!-- closeReport -->
      </class> <!-- com.QA.Application.TestScripts.DelimitedDataFromExcel -->
    </test> <!-- Default test -->
  </suite> <!-- Default suite -->
</testng-results>
