<?xml version="1.0" encoding="UTF-8"?>
<testng-results ignored="0" total="1" passed="1" failed="0" skipped="0">
  <reporter-output>
  </reporter-output>
  <suite started-at="2024-04-17T16:05:55 IST" name="Default suite" finished-at="2024-04-17T16:07:08 IST" duration-ms="72673">
    <groups>
    </groups>
    <test started-at="2024-04-17T16:05:55 IST" name="Default test" finished-at="2024-04-17T16:07:08 IST" duration-ms="72673">
      <class name="com.QA.DataDriven.JDBCDDTScript">
        <test-method is-config="true" signature="generateReports()[pri:0, instance:com.QA.DataDriven.JDBCDDTScript@4a9f80d3]" started-at="2024-04-17T16:05:55 IST" name="generateReports" finished-at="2024-04-17T16:05:55 IST" duration-ms="81" status="PASS">
          <reporter-output>
          </reporter-output>
        </test-method> <!-- generateReports -->
        <test-method is-config="true" signature="setUp()[pri:0, instance:com.QA.DataDriven.JDBCDDTScript@4a9f80d3]" started-at="2024-04-17T16:05:55 IST" name="setUp" finished-at="2024-04-17T16:05:59 IST" duration-ms="3168" status="PASS">
          <reporter-output>
          </reporter-output>
        </test-method> <!-- setUp -->
        <test-method signature="JDBC_APPLICATION_ONBOARDING_DDT()[pri:0, instance:com.QA.DataDriven.JDBCDDTScript@4a9f80d3]" started-at="2024-04-17T16:05:59 IST" name="JDBC_APPLICATION_ONBOARDING_DDT" finished-at="2024-04-17T16:07:08 IST" duration-ms="69485" status="PASS">
          <reporter-output>
          </reporter-output>
        </test-method> <!-- JDBC_APPLICATION_ONBOARDING_DDT -->
        <test-method is-config="true" signature="closeReport()[pri:0, instance:com.QA.DataDriven.JDBCDDTScript@4a9f80d3]" started-at="2024-04-17T16:07:08 IST" name="closeReport" finished-at="2024-04-17T16:07:09 IST" duration-ms="392" status="PASS">
          <reporter-output>
          </reporter-output>
        </test-method> <!-- closeReport -->
      </class> <!-- com.QA.DataDriven.JDBCDDTScript -->
    </test> <!-- Default test -->
  </suite> <!-- Default suite -->
</testng-results>
