<?xml version="1.0" encoding="UTF-8"?>
<testng-results ignored="0" total="1" passed="1" failed="0" skipped="0">
  <reporter-output>
  </reporter-output>
  <suite started-at="2024-04-19T10:14:44 IST" name="Default suite" finished-at="2024-04-19T10:14:59 IST" duration-ms="15057">
    <groups>
    </groups>
    <test started-at="2024-04-19T10:14:44 IST" name="Default test" finished-at="2024-04-19T10:14:59 IST" duration-ms="15057">
      <class name="com.QA.DataDrivenScripts.SailpointDDTLogin">
        <test-method is-config="true" signature="generateReports()[pri:0, instance:com.QA.DataDrivenScripts.SailpointDDTLogin@4a9f80d3]" started-at="2024-04-19T10:14:44 IST" name="generateReports" finished-at="2024-04-19T10:14:44 IST" duration-ms="145" status="PASS">
          <reporter-output>
          </reporter-output>
        </test-method> <!-- generateReports -->
        <test-method is-config="true" signature="setUp()[pri:0, instance:com.QA.DataDrivenScripts.SailpointDDTLogin@4a9f80d3]" started-at="2024-04-19T10:14:44 IST" name="setUp" finished-at="2024-04-19T10:14:47 IST" duration-ms="3258" status="PASS">
          <reporter-output>
          </reporter-output>
        </test-method> <!-- setUp -->
        <test-method signature="Launch_Application_DDT()[pri:1, instance:com.QA.DataDrivenScripts.SailpointDDTLogin@4a9f80d3]" started-at="2024-04-19T10:14:47 IST" name="Launch_Application_DDT" finished-at="2024-04-19T10:14:59 IST" duration-ms="11761" status="PASS">
          <reporter-output>
          </reporter-output>
        </test-method> <!-- Launch_Application_DDT -->
        <test-method is-config="true" signature="closeReport()[pri:0, instance:com.QA.DataDrivenScripts.SailpointDDTLogin@4a9f80d3]" started-at="2024-04-19T10:14:59 IST" name="closeReport" finished-at="2024-04-19T10:14:59 IST" duration-ms="342" status="PASS">
          <reporter-output>
          </reporter-output>
        </test-method> <!-- closeReport -->
      </class> <!-- com.QA.DataDrivenScripts.SailpointDDTLogin -->
    </test> <!-- Default test -->
  </suite> <!-- Default suite -->
</testng-results>
