<?xml version="1.0" encoding="UTF-8"?>
<testng-results ignored="0" total="1" passed="1" failed="0" skipped="0">
  <reporter-output>
  </reporter-output>
  <suite started-at="2024-04-15T11:46:57 IST" name="Default suite" finished-at="2024-04-15T11:47:07 IST" duration-ms="9991">
    <groups>
    </groups>
    <test started-at="2024-04-15T11:46:57 IST" name="Default test" finished-at="2024-04-15T11:47:07 IST" duration-ms="9991">
      <class name="com.QA.Application.TestScripts.IdentityMappingScripts">
        <test-method is-config="true" signature="generateReports()[pri:0, instance:com.QA.Application.TestScripts.IdentityMappingScripts@29ef6856]" started-at="2024-04-15T11:46:57 IST" name="generateReports" finished-at="2024-04-15T11:46:57 IST" duration-ms="66" status="PASS">
          <reporter-output>
          </reporter-output>
        </test-method> <!-- generateReports -->
        <test-method is-config="true" signature="setUp()[pri:0, instance:com.QA.Application.TestScripts.IdentityMappingScripts@29ef6856]" started-at="2024-04-15T11:46:57 IST" name="setUp" finished-at="2024-04-15T11:46:58 IST" duration-ms="1410" status="PASS">
          <reporter-output>
          </reporter-output>
        </test-method> <!-- setUp -->
        <test-method signature="tc05verifyCreateIdentityMappings()[pri:5, instance:com.QA.Application.TestScripts.IdentityMappingScripts@29ef6856]" started-at="2024-04-15T11:46:58 IST" name="tc05verifyCreateIdentityMappings" finished-at="2024-04-15T11:47:07 IST" duration-ms="8440" status="PASS">
          <reporter-output>
          </reporter-output>
        </test-method> <!-- tc05verifyCreateIdentityMappings -->
        <test-method is-config="true" signature="tearDown()[pri:0, instance:com.QA.Application.TestScripts.IdentityMappingScripts@29ef6856]" started-at="2024-04-15T11:47:07 IST" name="tearDown" finished-at="2024-04-15T11:47:07 IST" duration-ms="118" status="PASS">
          <reporter-output>
          </reporter-output>
        </test-method> <!-- tearDown -->
        <test-method is-config="true" signature="closeReport()[pri:0, instance:com.QA.Application.TestScripts.IdentityMappingScripts@29ef6856]" started-at="2024-04-15T11:47:07 IST" name="closeReport" finished-at="2024-04-15T11:47:07 IST" duration-ms="352" status="PASS">
          <reporter-output>
          </reporter-output>
        </test-method> <!-- closeReport -->
      </class> <!-- com.QA.Application.TestScripts.IdentityMappingScripts -->
    </test> <!-- Default test -->
  </suite> <!-- Default suite -->
</testng-results>
