<?xml version="1.0" encoding="UTF-8"?>
<testng-results ignored="6" total="10" passed="3" failed="1" skipped="0">
  <reporter-output>
  </reporter-output>
  <suite started-at="2024-04-11T12:01:17 IST" name="Suite" finished-at="2024-04-11T12:02:46 IST" duration-ms="88456">
    <groups>
    </groups>
    <test started-at="2024-04-11T12:01:17 IST" name="Test" finished-at="2024-04-11T12:02:46 IST" duration-ms="88456">
      <class name="com.QA.Application.TestScripts.ApplicationRulesSailPoint">
        <test-method is-config="true" signature="setUp()[pri:0, instance:com.QA.Application.TestScripts.ApplicationRulesSailPoint@1c98290c]" started-at="2024-04-11T12:02:26 IST" name="setUp" finished-at="2024-04-11T12:02:28 IST" duration-ms="1180" status="PASS">
          <reporter-output>
          </reporter-output>
        </test-method> <!-- setUp -->
        <test-method signature="tc01VerifyLogin()[pri:4, instance:com.QA.Application.TestScripts.ApplicationRulesSailPoint@1c98290c]" started-at="2024-04-11T12:02:28 IST" name="tc01VerifyLogin" description="Write Rule for SailPOint" finished-at="2024-04-11T12:02:46 IST" duration-ms="18014" status="PASS">
          <reporter-output>
          </reporter-output>
        </test-method> <!-- tc01VerifyLogin -->
        <test-method is-config="true" signature="tearDown()[pri:0, instance:com.QA.Application.TestScripts.ApplicationRulesSailPoint@1c98290c]" started-at="2024-04-11T12:02:46 IST" name="tearDown" finished-at="2024-04-11T12:02:46 IST" duration-ms="267" status="PASS">
          <reporter-output>
          </reporter-output>
        </test-method> <!-- tearDown -->
      </class> <!-- com.QA.Application.TestScripts.ApplicationRulesSailPoint -->
      <class name="com.QA.Application.TestScripts.LoginScript">
        <test-method is-config="true" signature="generateReports()[pri:0, instance:com.QA.Application.TestScripts.LoginScript@52500920]" started-at="2024-04-11T12:01:17 IST" name="generateReports" finished-at="2024-04-11T12:01:17 IST" duration-ms="69" status="PASS">
          <reporter-output>
          </reporter-output>
        </test-method> <!-- generateReports -->
        <test-method is-config="true" signature="setUp()[pri:0, instance:com.QA.Application.TestScripts.LoginScript@52500920]" started-at="2024-04-11T12:01:17 IST" name="setUp" finished-at="2024-04-11T12:01:19 IST" duration-ms="1633" status="PASS">
          <reporter-output>
          </reporter-output>
        </test-method> <!-- setUp -->
        <test-method signature="tc01VerifyLogin()[pri:1, instance:com.QA.Application.TestScripts.LoginScript@52500920]" started-at="2024-04-11T12:01:19 IST" name="tc01VerifyLogin" description="Verify URL" finished-at="2024-04-11T12:01:22 IST" duration-ms="2749" status="PASS">
          <reporter-output>
          </reporter-output>
        </test-method> <!-- tc01VerifyLogin -->
        <test-method is-config="true" signature="tearDown()[pri:0, instance:com.QA.Application.TestScripts.LoginScript@52500920]" started-at="2024-04-11T12:01:22 IST" name="tearDown" finished-at="2024-04-11T12:01:22 IST" duration-ms="245" status="PASS">
          <reporter-output>
          </reporter-output>
        </test-method> <!-- tearDown -->
        <test-method is-config="true" signature="closeReport()[pri:0, instance:com.QA.Application.TestScripts.LoginScript@52500920]" started-at="2024-04-11T12:02:46 IST" name="closeReport" finished-at="2024-04-11T12:02:46 IST" duration-ms="336" status="PASS">
          <reporter-output>
          </reporter-output>
        </test-method> <!-- closeReport -->
      </class> <!-- com.QA.Application.TestScripts.LoginScript -->
      <class name="com.QA.Application.TestScripts.CreateAggregationTask">
        <test-method is-config="true" signature="setUp()[pri:0, instance:com.QA.Application.TestScripts.CreateAggregationTask@2d10e0b1]" started-at="2024-04-11T12:02:04 IST" name="setUp" finished-at="2024-04-11T12:02:05 IST" duration-ms="1274" status="PASS">
          <reporter-output>
          </reporter-output>
        </test-method> <!-- setUp -->
        <test-method signature="tc03verifyCreateAggregationTask()[pri:3, instance:com.QA.Application.TestScripts.CreateAggregationTask@2d10e0b1]" started-at="2024-04-11T12:02:05 IST" name="tc03verifyCreateAggregationTask" finished-at="2024-04-11T12:02:26 IST" duration-ms="20745" status="FAIL">
          <exception class="org.openqa.selenium.ElementNotInteractableException">
            <message>
              <![CDATA[element not interactable
  (Session info: MicrosoftEdge=123.0.2420.81)
Build info: version: '3.141.59', revision: 'e82be7d358', time: '2018-11-14T08:17:03'
System info: host: 'OJAS-DL647', ip: '192.168.4.218', os.name: 'Windows 11', os.arch: 'amd64', os.version: '10.0', java.version: '17.0.9'
Driver info: org.openqa.selenium.edge.EdgeDriver
Capabilities {acceptInsecureCerts: false, browserName: MicrosoftEdge, browserVersion: 123.0.2420.81, fedcm:accounts: true, javascriptEnabled: true, ms:edgeOptions: {debuggerAddress: localhost:49167}, msedge: {msedgedriverVersion: 123.0.2420.81 (8acdca46cf48..., userDataDir: C:\Users\na21279\AppData\Lo...}, networkConnectionEnabled: false, pageLoadStrategy: normal, platform: WINDOWS, platformName: WINDOWS, proxy: Proxy(), setWindowRect: true, strictFileInteractability: false, timeouts: {implicit: 0, pageLoad: 300000, script: 30000}, unhandledPromptBehavior: dismiss and notify, webauthn:extension:credBlob: true, webauthn:extension:largeBlob: true, webauthn:extension:minPinLength: true, webauthn:extension:prf: true, webauthn:virtualAuthenticators: true}
Session ID: 7b07f925de6ae682780f6b4ac89b4487]]>
            </message>
            <full-stacktrace>
              <![CDATA[org.openqa.selenium.ElementNotInteractableException: element not interactable
  (Session info: MicrosoftEdge=123.0.2420.81)
Build info: version: '3.141.59', revision: 'e82be7d358', time: '2018-11-14T08:17:03'
System info: host: 'OJAS-DL647', ip: '192.168.4.218', os.name: 'Windows 11', os.arch: 'amd64', os.version: '10.0', java.version: '17.0.9'
Driver info: org.openqa.selenium.edge.EdgeDriver
Capabilities {acceptInsecureCerts: false, browserName: MicrosoftEdge, browserVersion: 123.0.2420.81, fedcm:accounts: true, javascriptEnabled: true, ms:edgeOptions: {debuggerAddress: localhost:49167}, msedge: {msedgedriverVersion: 123.0.2420.81 (8acdca46cf48..., userDataDir: C:\Users\na21279\AppData\Lo...}, networkConnectionEnabled: false, pageLoadStrategy: normal, platform: WINDOWS, platformName: WINDOWS, proxy: Proxy(), setWindowRect: true, strictFileInteractability: false, timeouts: {implicit: 0, pageLoad: 300000, script: 30000}, unhandledPromptBehavior: dismiss and notify, webauthn:extension:credBlob: true, webauthn:extension:largeBlob: true, webauthn:extension:minPinLength: true, webauthn:extension:prf: true, webauthn:virtualAuthenticators: true}
Session ID: 7b07f925de6ae682780f6b4ac89b4487
at java.base/jdk.internal.reflect.NativeConstructorAccessorImpl.newInstance0(Native Method)
at java.base/jdk.internal.reflect.NativeConstructorAccessorImpl.newInstance(NativeConstructorAccessorImpl.java:77)
at java.base/jdk.internal.reflect.DelegatingConstructorAccessorImpl.newInstance(DelegatingConstructorAccessorImpl.java:45)
at java.base/java.lang.reflect.Constructor.newInstanceWithCaller(Constructor.java:499)
at java.base/java.lang.reflect.Constructor.newInstance(Constructor.java:480)
at org.openqa.selenium.remote.http.W3CHttpResponseCodec.createException(W3CHttpResponseCodec.java:187)
at org.openqa.selenium.remote.http.W3CHttpResponseCodec.decode(W3CHttpResponseCodec.java:122)
at org.openqa.selenium.remote.http.W3CHttpResponseCodec.decode(W3CHttpResponseCodec.java:49)
at org.openqa.selenium.remote.HttpCommandExecutor.execute(HttpCommandExecutor.java:158)
at org.openqa.selenium.remote.service.DriverCommandExecutor.execute(DriverCommandExecutor.java:83)
at org.openqa.selenium.remote.RemoteWebDriver.execute(RemoteWebDriver.java:552)
at org.openqa.selenium.remote.RemoteWebElement.execute(RemoteWebElement.java:285)
at org.openqa.selenium.remote.RemoteWebElement.click(RemoteWebElement.java:84)
at com.QA.Application.Utilities.ReUsableMethods.DynamicXpathContains(ReUsableMethods.java:35)
at com.QA.Application.TestScripts.CreateAggregationTask.tc03verifyCreateAggregationTask(CreateAggregationTask.java:61)
at java.base/jdk.internal.reflect.NativeMethodAccessorImpl.invoke0(Native Method)
at java.base/jdk.internal.reflect.NativeMethodAccessorImpl.invoke(NativeMethodAccessorImpl.java:77)
at java.base/jdk.internal.reflect.DelegatingMethodAccessorImpl.invoke(DelegatingMethodAccessorImpl.java:43)
at java.base/java.lang.reflect.Method.invoke(Method.java:568)
at org.testng.internal.MethodInvocationHelper.invokeMethod(MethodInvocationHelper.java:133)
at org.testng.internal.TestInvoker.invokeMethod(TestInvoker.java:598)
at org.testng.internal.TestInvoker.invokeTestMethod(TestInvoker.java:173)
at org.testng.internal.MethodRunner.runInSequence(MethodRunner.java:46)
at org.testng.internal.TestInvoker$MethodInvocationAgent.invoke(TestInvoker.java:824)
at org.testng.internal.TestInvoker.invokeTestMethods(TestInvoker.java:146)
at org.testng.internal.TestMethodWorker.invokeTestMethods(TestMethodWorker.java:146)
at org.testng.internal.TestMethodWorker.run(TestMethodWorker.java:128)
at java.base/java.util.ArrayList.forEach(ArrayList.java:1511)
at org.testng.TestRunner.privateRun(TestRunner.java:794)
at org.testng.TestRunner.run(TestRunner.java:596)
at org.testng.SuiteRunner.runTest(SuiteRunner.java:377)
at org.testng.SuiteRunner.runSequentially(SuiteRunner.java:371)
at org.testng.SuiteRunner.privateRun(SuiteRunner.java:332)
at org.testng.SuiteRunner.run(SuiteRunner.java:276)
at org.testng.SuiteRunnerWorker.runSuite(SuiteRunnerWorker.java:53)
at org.testng.SuiteRunnerWorker.run(SuiteRunnerWorker.java:96)
at org.testng.TestNG.runSuitesSequentially(TestNG.java:1212)
at org.testng.TestNG.runSuitesLocally(TestNG.java:1134)
at org.testng.TestNG.runSuites(TestNG.java:1063)
at org.testng.TestNG.run(TestNG.java:1031)
at org.testng.remote.AbstractRemoteTestNG.run(AbstractRemoteTestNG.java:115)
at org.testng.remote.RemoteTestNG.initAndRun(RemoteTestNG.java:251)
at org.testng.remote.RemoteTestNG.main(RemoteTestNG.java:77)
]]>
            </full-stacktrace>
          </exception> <!-- org.openqa.selenium.ElementNotInteractableException -->
          <reporter-output>
          </reporter-output>
        </test-method> <!-- tc03verifyCreateAggregationTask -->
        <test-method is-config="true" signature="tearDown()[pri:0, instance:com.QA.Application.TestScripts.CreateAggregationTask@2d10e0b1]" started-at="2024-04-11T12:02:26 IST" name="tearDown" finished-at="2024-04-11T12:02:26 IST" duration-ms="297" status="PASS">
          <reporter-output>
          </reporter-output>
        </test-method> <!-- tearDown -->
      </class> <!-- com.QA.Application.TestScripts.CreateAggregationTask -->
      <class name="com.QA.Application.TestScripts.ApplicationOnBoardingScript">
        <test-method is-config="true" signature="setUp()[pri:0, instance:com.QA.Application.TestScripts.ApplicationOnBoardingScript@63c5efee]" started-at="2024-04-11T12:01:22 IST" name="setUp" finished-at="2024-04-11T12:01:23 IST" duration-ms="1207" status="PASS">
          <reporter-output>
          </reporter-output>
        </test-method> <!-- setUp -->
        <test-method signature="tc02verifyApplicationOnBoarding()[pri:2, instance:com.QA.Application.TestScripts.ApplicationOnBoardingScript@63c5efee]" started-at="2024-04-11T12:01:23 IST" name="tc02verifyApplicationOnBoarding" finished-at="2024-04-11T12:02:04 IST" duration-ms="40565" status="PASS">
          <reporter-output>
          </reporter-output>
        </test-method> <!-- tc02verifyApplicationOnBoarding -->
        <test-method is-config="true" signature="tearDown()[pri:0, instance:com.QA.Application.TestScripts.ApplicationOnBoardingScript@63c5efee]" started-at="2024-04-11T12:02:04 IST" name="tearDown" finished-at="2024-04-11T12:02:04 IST" duration-ms="244" status="PASS">
          <reporter-output>
          </reporter-output>
        </test-method> <!-- tearDown -->
      </class> <!-- com.QA.Application.TestScripts.ApplicationOnBoardingScript -->
    </test> <!-- Test -->
  </suite> <!-- Suite -->
</testng-results>
