<?xml version="1.0" encoding="UTF-8"?>
<testng-results ignored="0" total="1" passed="1" failed="0" skipped="0">
  <reporter-output>
  </reporter-output>
  <suite started-at="2024-04-18T11:16:55 IST" name="Default suite" finished-at="2024-04-18T11:17:22 IST" duration-ms="26859">
    <groups>
    </groups>
    <test started-at="2024-04-18T11:16:55 IST" name="Default test" finished-at="2024-04-18T11:17:22 IST" duration-ms="26859">
      <class name="com.QA.DataDriven.DelimitedDDTScript">
        <test-method is-config="true" signature="generateReports()[pri:0, instance:com.QA.DataDriven.DelimitedDDTScript@305f031]" started-at="2024-04-18T11:16:55 IST" name="generateReports" finished-at="2024-04-18T11:16:55 IST" duration-ms="79" status="PASS">
          <reporter-output>
          </reporter-output>
        </test-method> <!-- generateReports -->
        <test-method is-config="true" signature="setUp()[pri:0, instance:com.QA.DataDriven.DelimitedDDTScript@305f031]" started-at="2024-04-18T11:16:55 IST" name="setUp" finished-at="2024-04-18T11:16:57 IST" duration-ms="1762" status="PASS">
          <reporter-output>
          </reporter-output>
        </test-method> <!-- setUp -->
        <test-method signature="delimitedFileTest()[pri:0, instance:com.QA.DataDriven.DelimitedDDTScript@305f031]" started-at="2024-04-18T11:16:57 IST" name="delimitedFileTest" finished-at="2024-04-18T11:17:22 IST" duration-ms="25069" status="PASS">
          <reporter-output>
          </reporter-output>
        </test-method> <!-- delimitedFileTest -->
        <test-method is-config="true" signature="closeReport()[pri:0, instance:com.QA.DataDriven.DelimitedDDTScript@305f031]" started-at="2024-04-18T11:17:22 IST" name="closeReport" finished-at="2024-04-18T11:17:22 IST" duration-ms="197" status="PASS">
          <reporter-output>
          </reporter-output>
        </test-method> <!-- closeReport -->
      </class> <!-- com.QA.DataDriven.DelimitedDDTScript -->
    </test> <!-- Default test -->
  </suite> <!-- Default suite -->
</testng-results>
