<?xml version="1.0" encoding="UTF-8"?>
<testng-results ignored="0" total="1" passed="1" failed="0" skipped="0">
  <reporter-output>
  </reporter-output>
  <suite started-at="2024-04-19T13:49:08 IST" name="Default suite" finished-at="2024-04-19T13:49:22 IST" duration-ms="13631">
    <groups>
    </groups>
    <test started-at="2024-04-19T13:49:08 IST" name="Default test" finished-at="2024-04-19T13:49:22 IST" duration-ms="13631">
      <class name="com.QA.DataDrivenScripts.SelectingRuleOfApplicationDDTScript">
        <test-method is-config="true" signature="generateReports()[pri:0, instance:com.QA.DataDrivenScripts.SelectingRuleOfApplicationDDTScript@4a9f80d3]" started-at="2024-04-19T13:49:08 IST" name="generateReports" finished-at="2024-04-19T13:49:08 IST" duration-ms="89" status="PASS">
          <reporter-output>
          </reporter-output>
        </test-method> <!-- generateReports -->
        <test-method is-config="true" signature="setUp()[pri:0, instance:com.QA.DataDrivenScripts.SelectingRuleOfApplicationDDTScript@4a9f80d3]" started-at="2024-04-19T13:49:08 IST" name="setUp" finished-at="2024-04-19T13:49:10 IST" duration-ms="1709" status="PASS">
          <reporter-output>
          </reporter-output>
        </test-method> <!-- setUp -->
        <test-method signature="VerifySelectingRuleOfApplicationDDTScript()[pri:0, instance:com.QA.DataDrivenScripts.SelectingRuleOfApplicationDDTScript@4a9f80d3]" started-at="2024-04-19T13:49:10 IST" name="VerifySelectingRuleOfApplicationDDTScript" finished-at="2024-04-19T13:49:22 IST" duration-ms="11896" status="PASS">
          <reporter-output>
          </reporter-output>
        </test-method> <!-- VerifySelectingRuleOfApplicationDDTScript -->
        <test-method is-config="true" signature="closeReport()[pri:0, instance:com.QA.DataDrivenScripts.SelectingRuleOfApplicationDDTScript@4a9f80d3]" started-at="2024-04-19T13:49:22 IST" name="closeReport" finished-at="2024-04-19T13:49:22 IST" duration-ms="350" status="PASS">
          <reporter-output>
          </reporter-output>
        </test-method> <!-- closeReport -->
      </class> <!-- com.QA.DataDrivenScripts.SelectingRuleOfApplicationDDTScript -->
    </test> <!-- Default test -->
  </suite> <!-- Default suite -->
</testng-results>
