<?xml version="1.0" encoding="UTF-8"?>
<testng-results ignored="4" total="7" passed="3" failed="0" skipped="0">
  <reporter-output>
  </reporter-output>
  <suite started-at="2024-04-18T12:34:40 IST" name="Suite" finished-at="2024-04-18T12:36:25 IST" duration-ms="105536">
    <groups>
    </groups>
    <test started-at="2024-04-18T12:34:40 IST" name="Test" finished-at="2024-04-18T12:36:25 IST" duration-ms="105536">
      <class name="com.QA.DataDrivenScripts.SailpointDDTLogin">
        <test-method is-config="true" signature="setUp()[pri:0, instance:com.QA.DataDrivenScripts.SailpointDDTLogin@4602c2a9]" started-at="2024-04-18T12:35:47 IST" name="setUp" finished-at="2024-04-18T12:35:48 IST" duration-ms="946" status="PASS">
          <reporter-output>
          </reporter-output>
        </test-method> <!-- setUp -->
        <test-method signature="Launch_Application_DDT()[pri:1, instance:com.QA.DataDrivenScripts.SailpointDDTLogin@4602c2a9]" started-at="2024-04-18T12:35:48 IST" name="Launch_Application_DDT" finished-at="2024-04-18T12:35:56 IST" duration-ms="7246" status="PASS">
          <reporter-output>
          </reporter-output>
        </test-method> <!-- Launch_Application_DDT -->
      </class> <!-- com.QA.DataDrivenScripts.SailpointDDTLogin -->
      <class name="com.QA.DataDrivenScripts.JDBCDDTScript">
        <test-method is-config="true" signature="generateReports()[pri:0, instance:com.QA.DataDrivenScripts.JDBCDDTScript@6c67e137]" started-at="2024-04-18T12:34:40 IST" name="generateReports" finished-at="2024-04-18T12:34:40 IST" duration-ms="74" status="PASS">
          <reporter-output>
          </reporter-output>
        </test-method> <!-- generateReports -->
        <test-method is-config="true" signature="setUp()[pri:0, instance:com.QA.DataDrivenScripts.JDBCDDTScript@6c67e137]" started-at="2024-04-18T12:34:40 IST" name="setUp" finished-at="2024-04-18T12:34:42 IST" duration-ms="2060" status="PASS">
          <reporter-output>
          </reporter-output>
        </test-method> <!-- setUp -->
        <test-method signature="JDBC_APPLICATION_ONBOARDING_DDT()[pri:2, instance:com.QA.DataDrivenScripts.JDBCDDTScript@6c67e137]" started-at="2024-04-18T12:34:42 IST" name="JDBC_APPLICATION_ONBOARDING_DDT" finished-at="2024-04-18T12:35:47 IST" duration-ms="65744" status="PASS">
          <reporter-output>
          </reporter-output>
        </test-method> <!-- JDBC_APPLICATION_ONBOARDING_DDT -->
        <test-method is-config="true" signature="closeReport()[pri:0, instance:com.QA.DataDrivenScripts.JDBCDDTScript@6c67e137]" started-at="2024-04-18T12:36:25 IST" name="closeReport" finished-at="2024-04-18T12:36:25 IST" duration-ms="320" status="PASS">
          <reporter-output>
          </reporter-output>
        </test-method> <!-- closeReport -->
      </class> <!-- com.QA.DataDrivenScripts.JDBCDDTScript -->
      <class name="com.QA.DataDrivenScripts.CreateAggregationTaskDDT">
        <test-method is-config="true" signature="setUp()[pri:0, instance:com.QA.DataDrivenScripts.CreateAggregationTaskDDT@60fa3495]" started-at="2024-04-18T12:35:56 IST" name="setUp" finished-at="2024-04-18T12:35:57 IST" duration-ms="964" status="PASS">
          <reporter-output>
          </reporter-output>
        </test-method> <!-- setUp -->
        <test-method signature="verifyCreateIdentityMappingsDDTScript()[pri:3, instance:com.QA.DataDrivenScripts.CreateAggregationTaskDDT@60fa3495]" started-at="2024-04-18T12:35:57 IST" name="verifyCreateIdentityMappingsDDTScript" finished-at="2024-04-18T12:36:25 IST" duration-ms="28549" status="PASS">
          <reporter-output>
          </reporter-output>
        </test-method> <!-- verifyCreateIdentityMappingsDDTScript -->
      </class> <!-- com.QA.DataDrivenScripts.CreateAggregationTaskDDT -->
    </test> <!-- Test -->
  </suite> <!-- Suite -->
</testng-results>
