<?xml version="1.0" encoding="UTF-8"?>
<testng-results ignored="0" total="1" passed="1" failed="0" skipped="0">
  <reporter-output>
  </reporter-output>
  <suite started-at="2024-04-12T12:04:58 IST" name="Default suite" finished-at="2024-04-12T12:06:06 IST" duration-ms="67453">
    <groups>
    </groups>
    <test started-at="2024-04-12T12:04:58 IST" name="Default test" finished-at="2024-04-12T12:06:06 IST" duration-ms="67453">
      <class name="com.QA.Application.TestScripts.ApplicationOnBoardingScript">
        <test-method is-config="true" signature="generateReports()[pri:0, instance:com.QA.Application.TestScripts.ApplicationOnBoardingScript@2a65bb85]" started-at="2024-04-12T12:04:58 IST" name="generateReports" finished-at="2024-04-12T12:04:58 IST" duration-ms="73" status="PASS">
          <reporter-output>
          </reporter-output>
        </test-method> <!-- generateReports -->
        <test-method is-config="true" signature="setUp()[pri:0, instance:com.QA.Application.TestScripts.ApplicationOnBoardingScript@2a65bb85]" started-at="2024-04-12T12:04:58 IST" name="setUp" finished-at="2024-04-12T12:05:00 IST" duration-ms="1480" status="PASS">
          <reporter-output>
          </reporter-output>
        </test-method> <!-- setUp -->
        <test-method signature="tc02verifyApplicationOnBoarding()[pri:2, instance:com.QA.Application.TestScripts.ApplicationOnBoardingScript@2a65bb85]" started-at="2024-04-12T12:05:00 IST" name="tc02verifyApplicationOnBoarding" finished-at="2024-04-12T12:06:06 IST" duration-ms="65748" status="PASS">
          <reporter-output>
          </reporter-output>
        </test-method> <!-- tc02verifyApplicationOnBoarding -->
        <test-method is-config="true" signature="tearDown()[pri:0, instance:com.QA.Application.TestScripts.ApplicationOnBoardingScript@2a65bb85]" started-at="2024-04-12T12:06:06 IST" name="tearDown" finished-at="2024-04-12T12:06:06 IST" duration-ms="203" status="PASS">
          <reporter-output>
          </reporter-output>
        </test-method> <!-- tearDown -->
        <test-method is-config="true" signature="closeReport()[pri:0, instance:com.QA.Application.TestScripts.ApplicationOnBoardingScript@2a65bb85]" started-at="2024-04-12T12:06:06 IST" name="closeReport" finished-at="2024-04-12T12:06:06 IST" duration-ms="371" status="PASS">
          <reporter-output>
          </reporter-output>
        </test-method> <!-- closeReport -->
      </class> <!-- com.QA.Application.TestScripts.ApplicationOnBoardingScript -->
    </test> <!-- Default test -->
  </suite> <!-- Default suite -->
</testng-results>
